root://xrootd.rcac.purdue.edu//store/user/jisun/HeavyFlavor_PbPb_highpt_all_1104/HeavyFlavor_PbPb_10_1_6jQ.root
root://xrootd.rcac.purdue.edu//store/user/jisun/HeavyFlavor_PbPb_highpt_all_1104/HeavyFlavor_PbPb_11_1_yh2.root
root://xrootd.rcac.purdue.edu//store/user/jisun/HeavyFlavor_PbPb_highpt_all_1104/HeavyFlavor_PbPb_12_1_51I.root
root://xrootd.rcac.purdue.edu//store/user/jisun/HeavyFlavor_PbPb_highpt_all_1104/HeavyFlavor_PbPb_13_1_uiT.root
root://xrootd.rcac.purdue.edu//store/user/jisun/HeavyFlavor_PbPb_highpt_all_1104/HeavyFlavor_PbPb_16_1_vEa.root
root://xrootd.rcac.purdue.edu//store/user/jisun/HeavyFlavor_PbPb_highpt_all_1104/HeavyFlavor_PbPb_17_1_eir.root
root://xrootd.rcac.purdue.edu//store/user/jisun/HeavyFlavor_PbPb_highpt_all_1104/HeavyFlavor_PbPb_18_1_wHK.root
root://xrootd.rcac.purdue.edu//store/user/jisun/HeavyFlavor_PbPb_highpt_all_1104/HeavyFlavor_PbPb_19_1_Ome.root
root://xrootd.rcac.purdue.edu//store/user/jisun/HeavyFlavor_PbPb_highpt_all_1104/HeavyFlavor_PbPb_1_1_sKw.root
root://xrootd.rcac.purdue.edu//store/user/jisun/HeavyFlavor_PbPb_highpt_all_1104/HeavyFlavor_PbPb_20_1_zto.root
root://xrootd.rcac.purdue.edu//store/user/jisun/HeavyFlavor_PbPb_highpt_all_1104/HeavyFlavor_PbPb_21_1_T8K.root
root://xrootd.rcac.purdue.edu//store/user/jisun/HeavyFlavor_PbPb_highpt_all_1104/HeavyFlavor_PbPb_22_1_Ee7.root
root://xrootd.rcac.purdue.edu//store/user/jisun/HeavyFlavor_PbPb_highpt_all_1104/HeavyFlavor_PbPb_23_1_5UO.root
root://xrootd.rcac.purdue.edu//store/user/jisun/HeavyFlavor_PbPb_highpt_all_1104/HeavyFlavor_PbPb_24_1_EKG.root
root://xrootd.rcac.purdue.edu//store/user/jisun/HeavyFlavor_PbPb_highpt_all_1104/HeavyFlavor_PbPb_25_1_sND.root
root://xrootd.rcac.purdue.edu//store/user/jisun/HeavyFlavor_PbPb_highpt_all_1104/HeavyFlavor_PbPb_26_1_J7i.root
root://xrootd.rcac.purdue.edu//store/user/jisun/HeavyFlavor_PbPb_highpt_all_1104/HeavyFlavor_PbPb_27_1_7dB.root
root://xrootd.rcac.purdue.edu//store/user/jisun/HeavyFlavor_PbPb_highpt_all_1104/HeavyFlavor_PbPb_28_1_NSQ.root
root://xrootd.rcac.purdue.edu//store/user/jisun/HeavyFlavor_PbPb_highpt_all_1104/HeavyFlavor_PbPb_29_1_Jae.root
root://xrootd.rcac.purdue.edu//store/user/jisun/HeavyFlavor_PbPb_highpt_all_1104/HeavyFlavor_PbPb_2_1_GLV.root
root://xrootd.rcac.purdue.edu//store/user/jisun/HeavyFlavor_PbPb_highpt_all_1104/HeavyFlavor_PbPb_30_1_VkC.root
root://xrootd.rcac.purdue.edu//store/user/jisun/HeavyFlavor_PbPb_highpt_all_1104/HeavyFlavor_PbPb_31_1_gj2.root
root://xrootd.rcac.purdue.edu//store/user/jisun/HeavyFlavor_PbPb_highpt_all_1104/HeavyFlavor_PbPb_32_1_M6Q.root
root://xrootd.rcac.purdue.edu//store/user/jisun/HeavyFlavor_PbPb_highpt_all_1104/HeavyFlavor_PbPb_33_1_mlU.root
root://xrootd.rcac.purdue.edu//store/user/jisun/HeavyFlavor_PbPb_highpt_all_1104/HeavyFlavor_PbPb_34_1_qN5.root
root://xrootd.rcac.purdue.edu//store/user/jisun/HeavyFlavor_PbPb_highpt_all_1104/HeavyFlavor_PbPb_35_1_jtX.root
root://xrootd.rcac.purdue.edu//store/user/jisun/HeavyFlavor_PbPb_highpt_all_1104/HeavyFlavor_PbPb_36_1_hh0.root
root://xrootd.rcac.purdue.edu//store/user/jisun/HeavyFlavor_PbPb_highpt_all_1104/HeavyFlavor_PbPb_37_1_5S1.root
root://xrootd.rcac.purdue.edu//store/user/jisun/HeavyFlavor_PbPb_highpt_all_1104/HeavyFlavor_PbPb_38_1_mCE.root
root://xrootd.rcac.purdue.edu//store/user/jisun/HeavyFlavor_PbPb_highpt_all_1104/HeavyFlavor_PbPb_39_1_RDp.root
root://xrootd.rcac.purdue.edu//store/user/jisun/HeavyFlavor_PbPb_highpt_all_1104/HeavyFlavor_PbPb_3_1_dES.root
root://xrootd.rcac.purdue.edu//store/user/jisun/HeavyFlavor_PbPb_highpt_all_1104/HeavyFlavor_PbPb_40_1_54Z.root
root://xrootd.rcac.purdue.edu//store/user/jisun/HeavyFlavor_PbPb_highpt_all_1104/HeavyFlavor_PbPb_41_1_J3W.root
root://xrootd.rcac.purdue.edu//store/user/jisun/HeavyFlavor_PbPb_highpt_all_1104/HeavyFlavor_PbPb_42_1_Wme.root
root://xrootd.rcac.purdue.edu//store/user/jisun/HeavyFlavor_PbPb_highpt_all_1104/HeavyFlavor_PbPb_43_1_VvS.root
root://xrootd.rcac.purdue.edu//store/user/jisun/HeavyFlavor_PbPb_highpt_all_1104/HeavyFlavor_PbPb_44_1_42F.root
root://xrootd.rcac.purdue.edu//store/user/jisun/HeavyFlavor_PbPb_highpt_all_1104/HeavyFlavor_PbPb_45_1_48T.root
root://xrootd.rcac.purdue.edu//store/user/jisun/HeavyFlavor_PbPb_highpt_all_1104/HeavyFlavor_PbPb_46_1_80Y.root
root://xrootd.rcac.purdue.edu//store/user/jisun/HeavyFlavor_PbPb_highpt_all_1104/HeavyFlavor_PbPb_47_1_ZeH.root
root://xrootd.rcac.purdue.edu//store/user/jisun/HeavyFlavor_PbPb_highpt_all_1104/HeavyFlavor_PbPb_48_1_V6v.root
root://xrootd.rcac.purdue.edu//store/user/jisun/HeavyFlavor_PbPb_highpt_all_1104/HeavyFlavor_PbPb_49_1_Xx9.root
root://xrootd.rcac.purdue.edu//store/user/jisun/HeavyFlavor_PbPb_highpt_all_1104/HeavyFlavor_PbPb_4_1_TH5.root
root://xrootd.rcac.purdue.edu//store/user/jisun/HeavyFlavor_PbPb_highpt_all_1104/HeavyFlavor_PbPb_50_1_XtB.root
root://xrootd.rcac.purdue.edu//store/user/jisun/HeavyFlavor_PbPb_highpt_all_1104/HeavyFlavor_PbPb_52_1_UGR.root
root://xrootd.rcac.purdue.edu//store/user/jisun/HeavyFlavor_PbPb_highpt_all_1104/HeavyFlavor_PbPb_53_1_zMg.root
root://xrootd.rcac.purdue.edu//store/user/jisun/HeavyFlavor_PbPb_highpt_all_1104/HeavyFlavor_PbPb_54_1_SaZ.root
root://xrootd.rcac.purdue.edu//store/user/jisun/HeavyFlavor_PbPb_highpt_all_1104/HeavyFlavor_PbPb_55_1_NMN.root
root://xrootd.rcac.purdue.edu//store/user/jisun/HeavyFlavor_PbPb_highpt_all_1104/HeavyFlavor_PbPb_56_1_ug8.root
root://xrootd.rcac.purdue.edu//store/user/jisun/HeavyFlavor_PbPb_highpt_all_1104/HeavyFlavor_PbPb_57_1_ZvY.root
root://xrootd.rcac.purdue.edu//store/user/jisun/HeavyFlavor_PbPb_highpt_all_1104/HeavyFlavor_PbPb_58_1_rNZ.root
root://xrootd.rcac.purdue.edu//store/user/jisun/HeavyFlavor_PbPb_highpt_all_1104/HeavyFlavor_PbPb_5_1_EFK.root
root://xrootd.rcac.purdue.edu//store/user/jisun/HeavyFlavor_PbPb_highpt_all_1104/HeavyFlavor_PbPb_6_1_3hm.root
root://xrootd.rcac.purdue.edu//store/user/jisun/HeavyFlavor_PbPb_highpt_all_1104/HeavyFlavor_PbPb_7_1_sp7.root
root://xrootd.rcac.purdue.edu//store/user/jisun/HeavyFlavor_PbPb_highpt_all_1104/HeavyFlavor_PbPb_8_1_X9h.root
root://xrootd.rcac.purdue.edu//store/user/jisun/HeavyFlavor_PbPb_highpt_all_1104/HeavyFlavor_PbPb_9_1_Frw.root
